WARNING - 2023-12-27 07:59:00 --> [DEPRECATED] Creation of dynamic property App\Controllers\Satuan::$ModelSatuan is deprecated in APPPATH\Controllers\Satuan.php on line 13.
 1 SYSTEMPATH\CodeIgniter.php(914): App\Controllers\Satuan->__construct()
 2 SYSTEMPATH\CodeIgniter.php(493): CodeIgniter\CodeIgniter->createController()
 3 SYSTEMPATH\CodeIgniter.php(361): CodeIgniter\CodeIgniter->handleRequest(null, Object(Config\Cache), false)
 4 FCPATH\index.php(79): CodeIgniter\CodeIgniter->run()
 5 SYSTEMPATH\Commands\Server\rewrite.php(47): require_once('D:\\Develop\\Project_Kasir-Codeigniter_4\\deployment\\public\\index.php')
INFO - 2023-12-27 07:59:00 --> Session: Class initialized using 'CodeIgniter\Session\Handlers\FileHandler' driver.
WARNING - 2023-12-27 07:59:05 --> [DEPRECATED] Creation of dynamic property App\Controllers\Satuan::$ModelSatuan is deprecated in APPPATH\Controllers\Satuan.php on line 13.
 1 SYSTEMPATH\CodeIgniter.php(914): App\Controllers\Satuan->__construct()
 2 SYSTEMPATH\CodeIgniter.php(493): CodeIgniter\CodeIgniter->createController()
 3 SYSTEMPATH\CodeIgniter.php(361): CodeIgniter\CodeIgniter->handleRequest(null, Object(Config\Cache), false)
 4 FCPATH\index.php(79): CodeIgniter\CodeIgniter->run()
 5 SYSTEMPATH\Commands\Server\rewrite.php(47): require_once('D:\\Develop\\Project_Kasir-Codeigniter_4\\deployment\\public\\index.php')
INFO - 2023-12-27 07:59:05 --> Session: Class initialized using 'CodeIgniter\Session\Handlers\FileHandler' driver.
WARNING - 2023-12-27 07:59:05 --> [DEPRECATED] Creation of dynamic property App\Controllers\Satuan::$ModelSatuan is deprecated in APPPATH\Controllers\Satuan.php on line 13.
 1 SYSTEMPATH\CodeIgniter.php(914): App\Controllers\Satuan->__construct()
 2 SYSTEMPATH\CodeIgniter.php(493): CodeIgniter\CodeIgniter->createController()
 3 SYSTEMPATH\CodeIgniter.php(361): CodeIgniter\CodeIgniter->handleRequest(null, Object(Config\Cache), false)
 4 FCPATH\index.php(79): CodeIgniter\CodeIgniter->run()
 5 SYSTEMPATH\Commands\Server\rewrite.php(47): require_once('D:\\Develop\\Project_Kasir-Codeigniter_4\\deployment\\public\\index.php')
INFO - 2023-12-27 07:59:05 --> Session: Class initialized using 'CodeIgniter\Session\Handlers\FileHandler' driver.
WARNING - 2023-12-27 07:59:10 --> [DEPRECATED] Creation of dynamic property App\Controllers\Satuan::$ModelSatuan is deprecated in APPPATH\Controllers\Satuan.php on line 13.
 1 SYSTEMPATH\CodeIgniter.php(914): App\Controllers\Satuan->__construct()
 2 SYSTEMPATH\CodeIgniter.php(493): CodeIgniter\CodeIgniter->createController()
 3 SYSTEMPATH\CodeIgniter.php(361): CodeIgniter\CodeIgniter->handleRequest(null, Object(Config\Cache), false)
 4 FCPATH\index.php(79): CodeIgniter\CodeIgniter->run()
 5 SYSTEMPATH\Commands\Server\rewrite.php(47): require_once('D:\\Develop\\Project_Kasir-Codeigniter_4\\deployment\\public\\index.php')
INFO - 2023-12-27 07:59:10 --> Session: Class initialized using 'CodeIgniter\Session\Handlers\FileHandler' driver.
WARNING - 2023-12-27 07:59:10 --> [DEPRECATED] Creation of dynamic property App\Controllers\Satuan::$ModelSatuan is deprecated in APPPATH\Controllers\Satuan.php on line 13.
 1 SYSTEMPATH\CodeIgniter.php(914): App\Controllers\Satuan->__construct()
 2 SYSTEMPATH\CodeIgniter.php(493): CodeIgniter\CodeIgniter->createController()
 3 SYSTEMPATH\CodeIgniter.php(361): CodeIgniter\CodeIgniter->handleRequest(null, Object(Config\Cache), false)
 4 FCPATH\index.php(79): CodeIgniter\CodeIgniter->run()
 5 SYSTEMPATH\Commands\Server\rewrite.php(47): require_once('D:\\Develop\\Project_Kasir-Codeigniter_4\\deployment\\public\\index.php')
INFO - 2023-12-27 07:59:10 --> Session: Class initialized using 'CodeIgniter\Session\Handlers\FileHandler' driver.
